<?xml version="1.0" encoding="UTF-8" standalone="no"?>
<testsuite failures="0" name="cucumber.runtime.formatter.JUnitFormatter" skipped="0" tests="1" time="0.237615">
    <testcase classname="Check accessbility" name="check login" time="0.237615">
        <system-out><![CDATA[Given Provide Credentials...................................................passed
When user enters values.....................................................passed
Then user logged in.........................................................passed
And user checks title.......................................................passed
Then user closes browser....................................................passed
]]></system-out>
    </testcase>
</testsuite>
